# JRE version: OpenJDK Runtime Environment Homebrew (17.0.14) (build 17.0.14+0)
# Java VM: OpenJDK 64-Bit Server VM Homebrew (17.0.14+0, mixed mode, sharing, tiered, compressed oops, compressed class ptrs, g1 gc, bsd-amd64)
GC Precious Log:
 CPUs: 8 total, 8 available
 Memory: 16384M
 Large Page Support: Disabled
 NUMA Support: Disabled
 Compressed Oops: Enabled (Zero based)
 Heap Region Size: 1M
 Heap Min Capacity: 8M
 Heap Initial Capacity: 256M
 Heap Max Capacity: 1G
 Pre-touch: Disabled
 Parallel Workers: 8
 Concurrent Workers: 2
 Concurrent Refinement Workers: 8
 Periodic GC: Disabled
Heap:
 garbage-first heap   total 280576K, used 116415K [0x00000007c0000000, 0x0000000800000000)
  region size 1024K, 38 young (38912K), 1 survivors (1024K)
 Metaspace       used 10078K, committed 10304K, reserved 1114112K
  class space    used 1510K, committed 1600K, reserved 1048576K
GC Heap History (20 events):
Event: 352.225 GC heap before
{Heap before GC invocations=1865 (full 9):
 garbage-first heap   total 280576K, used 244386K [0x00000007c0000000, 0x0000000800000000)
  region size 1024K, 162 young (165888K), 1 survivors (1024K)
 Metaspace       used 10075K, committed 10304K, reserved 1114112K
  class space    used 1509K, committed 1600K, reserved 1048576K
}
Event: 352.226 GC heap after
{Heap after GC invocations=1866 (full 9):
 garbage-first heap   total 280576K, used 79613K [0x00000007c0000000, 0x0000000800000000)
  region size 1024K, 1 young (1024K), 1 survivors (1024K)
 Metaspace       used 10075K, committed 10304K, reserved 1114112K
  class space    used 1509K, committed 1600K, reserved 1048576K
}
Event: 352.543 GC heap before
{Heap before GC invocations=1866 (full 9):
 garbage-first heap   total 280576K, used 244477K [0x00000007c0000000, 0x0000000800000000)
  region size 1024K, 162 young (165888K), 1 survivors (1024K)
 Metaspace       used 10075K, committed 10304K, reserved 1114112K
  class space    used 1509K, committed 1600K, reserved 1048576K
}
Event: 352.544 GC heap after
{Heap after GC invocations=1867 (full 9):
 garbage-first heap   total 280576K, used 79527K [0x00000007c0000000, 0x0000000800000000)
  region size 1024K, 1 young (1024K), 1 survivors (1024K)
 Metaspace       used 10075K, committed 10304K, reserved 1114112K
  class space    used 1509K, committed 1600K, reserved 1048576K
}
Event: 352.771 GC heap before
{Heap before GC invocations=1867 (full 9):
 garbage-first heap   total 280576K, used 244391K [0x00000007c0000000, 0x0000000800000000)
  region size 1024K, 162 young (165888K), 1 survivors (1024K)
 Metaspace       used 10075K, committed 10304K, reserved 1114112K
  class space    used 1509K, committed 1600K, reserved 1048576K
}
Event: 352.772 GC heap after
{Heap after GC invocations=1868 (full 9):
 garbage-first heap   total 280576K, used 79488K [0x00000007c0000000, 0x0000000800000000)
  region size 1024K, 1 young (1024K), 1 survivors (1024K)
 Metaspace       used 10075K, committed 10304K, reserved 1114112K
  class space    used 1509K, committed 1600K, reserved 1048576K
}
Event: 352.978 GC heap before
{Heap before GC invocations=1868 (full 9):
 garbage-first heap   total 280576K, used 244352K [0x00000007c0000000, 0x0000000800000000)
  region size 1024K, 162 young (165888K), 1 survivors (1024K)
 Metaspace       used 10075K, committed 10304K, reserved 1114112K
  class space    used 1509K, committed 1600K, reserved 1048576K
}
Event: 352.979 GC heap after
{Heap after GC invocations=1869 (full 9):
 garbage-first heap   total 280576K, used 79500K [0x00000007c0000000, 0x0000000800000000)
  region size 1024K, 1 young (1024K), 1 survivors (1024K)
 Metaspace       used 10075K, committed 10304K, reserved 1114112K
  class space    used 1509K, committed 1600K, reserved 1048576K
}
Event: 353.217 GC heap before
{Heap before GC invocations=1869 (full 9):
 garbage-first heap   total 280576K, used 244364K [0x00000007c0000000, 0x0000000800000000)
  region size 1024K, 162 young (165888K), 1 survivors (1024K)
 Metaspace       used 10075K, committed 10304K, reserved 1114112K
  class space    used 1509K, committed 1600K, reserved 1048576K
}
Event: 353.217 GC heap after
{Heap after GC invocations=1870 (full 9):
 garbage-first heap   total 280576K, used 79567K [0x00000007c0000000, 0x0000000800000000)
  region size 1024K, 1 young (1024K), 1 survivors (1024K)
 Metaspace       used 10075K, committed 10304K, reserved 1114112K
  class space    used 1509K, committed 1600K, reserved 1048576K
}
Event: 353.412 GC heap before
{Heap before GC invocations=1870 (full 9):
 garbage-first heap   total 280576K, used 244431K [0x00000007c0000000, 0x0000000800000000)
  region size 1024K, 162 young (165888K), 1 survivors (1024K)
 Metaspace       used 10075K, committed 10304K, reserved 1114112K
  class space    used 1509K, committed 1600K, reserved 1048576K
}
Event: 353.413 GC heap after
{Heap after GC invocations=1871 (full 9):
 garbage-first heap   total 280576K, used 79520K [0x00000007c0000000, 0x0000000800000000)
  region size 1024K, 1 young (1024K), 1 survivors (1024K)
 Metaspace       used 10075K, committed 10304K, reserved 1114112K
  class space    used 1509K, committed 1600K, reserved 1048576K
}
Event: 353.614 GC heap before
{Heap before GC invocations=1871 (full 9):
 garbage-first heap   total 280576K, used 244384K [0x00000007c0000000, 0x0000000800000000)
  region size 1024K, 162 young (165888K), 1 survivors (1024K)
 Metaspace       used 10075K, committed 10304K, reserved 1114112K
  class space    used 1509K, committed 1600K, reserved 1048576K
}
Event: 353.614 GC heap after
{Heap after GC invocations=1872 (full 9):
 garbage-first heap   total 280576K, used 79500K [0x00000007c0000000, 0x0000000800000000)
  region size 1024K, 1 young (1024K), 1 survivors (1024K)
 Metaspace       used 10075K, committed 10304K, reserved 1114112K
  class space    used 1509K, committed 1600K, reserved 1048576K
}
Event: 353.847 GC heap before
{Heap before GC invocations=1872 (full 9):
 garbage-first heap   total 280576K, used 244364K [0x00000007c0000000, 0x0000000800000000)
  region size 1024K, 162 young (165888K), 1 survivors (1024K)
 Metaspace       used 10075K, committed 10304K, reserved 1114112K
  class space    used 1509K, committed 1600K, reserved 1048576K
}
Event: 353.848 GC heap after
{Heap after GC invocations=1873 (full 9):
 garbage-first heap   total 280576K, used 79538K [0x00000007c0000000, 0x0000000800000000)
  region size 1024K, 1 young (1024K), 1 survivors (1024K)
 Metaspace       used 10075K, committed 10304K, reserved 1114112K
  class space    used 1509K, committed 1600K, reserved 1048576K
}
Event: 354.056 GC heap before
{Heap before GC invocations=1873 (full 9):
 garbage-first heap   total 280576K, used 244402K [0x00000007c0000000, 0x0000000800000000)
  region size 1024K, 162 young (165888K), 1 survivors (1024K)
 Metaspace       used 10075K, committed 10304K, reserved 1114112K
  class space    used 1509K, committed 1600K, reserved 1048576K
}
Event: 354.057 GC heap after
{Heap after GC invocations=1874 (full 9):
 garbage-first heap   total 280576K, used 79512K [0x00000007c0000000, 0x0000000800000000)
  region size 1024K, 1 young (1024K), 1 survivors (1024K)
 Metaspace       used 10075K, committed 10304K, reserved 1114112K
  class space    used 1509K, committed 1600K, reserved 1048576K
}
Event: 354.249 GC heap before
{Heap before GC invocations=1874 (full 9):
 garbage-first heap   total 280576K, used 244376K [0x00000007c0000000, 0x0000000800000000)
  region size 1024K, 162 young (165888K), 1 survivors (1024K)
 Metaspace       used 10075K, committed 10304K, reserved 1114112K
  class space    used 1509K, committed 1600K, reserved 1048576K
}
Event: 354.250 GC heap after
{Heap after GC invocations=1875 (full 9):
 garbage-first heap   total 280576K, used 79551K [0x00000007c0000000, 0x0000000800000000)
  region size 1024K, 1 young (1024K), 1 survivors (1024K)
 Metaspace       used 10075K, committed 10304K, reserved 1114112K
  class space    used 1509K, committed 1600K, reserved 1048576K
}

